<?xml version="1.0" encoding="UTF-8"?>
<testng-results skipped="0" failed="0" ignored="0" total="1" passed="1">
  <reporter-output>
  </reporter-output>
  <suite name="Default suite" duration-ms="35" started-at="2020-02-26T00:22:35 IST" finished-at="2020-02-26T00:22:35 IST">
    <groups>
    </groups>
    <test name="Default test" duration-ms="35" started-at="2020-02-26T00:22:35 IST" finished-at="2020-02-26T00:22:35 IST">
      <class name="interviewQuestions.AssertVsVerify">
        <test-method status="PASS" signature="testVerify()[pri:0, instance:interviewQuestions.AssertVsVerify@5ce81285]" name="testVerify" duration-ms="11" started-at="2020-02-26T00:22:35 IST" finished-at="2020-02-26T00:22:35 IST">
          <reporter-output>
          </reporter-output>
        </test-method> <!-- testVerify -->
      </class> <!-- interviewQuestions.AssertVsVerify -->
    </test> <!-- Default test -->
  </suite> <!-- Default suite -->
</testng-results>
